<?xml version='1.0' encoding='UTF-8'?>
<testsuite hostname="nazim-Lenovo-G50-70" name="RoutesTest" tests="5" errors="0" failures="0" skipped="0" time="0.858" timestamp="2021-01-30T15:18:20">
                     <properties>
[...]
</properties>
                     <testcase classname="RoutesTest" name="Route GET /hello should say hello" time="0.717">
                                                 
                                               </testcase><testcase classname="RoutesTest" name="Route GET /signup should returns the signup page" time="0.033">
                                                 
                                               </testcase><testcase classname="RoutesTest" name="Route POST /register should create a new user" time="0.092">
                                                 
                                               </testcase><testcase classname="RoutesTest" name="Route POST /register should warn the user when username is already taken" time="0.007">
                                                 
                                               </testcase><testcase classname="RoutesTest" name="Route GET /users should display the list of users" time="0.009">
                                                 
                                               </testcase>
                     <system-out><![CDATA[]]></system-out>
                     <system-err><![CDATA[]]></system-err>
                   </testsuite>