<?xml version='1.0' encoding='UTF-8'?>
<testsuite hostname="nazim-Lenovo-G50-70" name="DatabaseTest" tests="1" errors="1" failures="0" skipped="0" time="1.223" timestamp="2021-01-30T15:18:20">
                     <properties>
[...]
</properties>
                     <testcase classname="DatabaseTest" name="(It is not a test it is a sbt.testing.SuiteSelector)" time="1.223">
                                                 <error message="ERREUR: la relation « database_version » n'existe pas
  Position : 15" type="org.postgresql.util.PSQLException">org.postgresql.util.PSQLException: ERREUR: la relation « database_version » n'existe pas
  Position : 15
	at org.postgresql.core.v3.QueryExecutorImpl.receiveErrorResponse(QueryExecutorImpl.java:2553)
	at org.postgresql.core.v3.QueryExecutorImpl.processResults(QueryExecutorImpl.java:2285)
	at org.postgresql.core.v3.QueryExecutorImpl.execute(QueryExecutorImpl.java:323)
	at org.postgresql.jdbc.PgStatement.executeInternal(PgStatement.java:473)
	at org.postgresql.jdbc.PgStatement.execute(PgStatement.java:393)
	at org.postgresql.jdbc.PgPreparedStatement.executeWithFlags(PgPreparedStatement.java:164)
	at org.postgresql.jdbc.PgPreparedStatement.execute(PgPreparedStatement.java:153)
	at com.zaxxer.hikari.pool.ProxyPreparedStatement.execute(ProxyPreparedStatement.java:44)
	at com.zaxxer.hikari.pool.HikariProxyPreparedStatement.execute(HikariProxyPreparedStatement.java)
	at slick.jdbc.StatementInvoker.results(StatementInvoker.scala:39)
	at slick.jdbc.StatementInvoker.iteratorTo(StatementInvoker.scala:22)
	at slick.jdbc.Invoker.foreach(Invoker.scala:47)
	at slick.jdbc.Invoker.foreach$(Invoker.scala:46)
	at slick.jdbc.StatementInvoker.foreach(StatementInvoker.scala:16)
	at slick.jdbc.StreamingInvokerAction.run(StreamingInvokerAction.scala:22)
	at slick.jdbc.StreamingInvokerAction.run$(StreamingInvokerAction.scala:20)
	at slick.jdbc.SQLActionBuilder$$anon$1.run(StaticQuery.scala:95)
	at slick.jdbc.SQLActionBuilder$$anon$1.run(StaticQuery.scala:95)
	at slick.basic.BasicBackend$DatabaseDef$$anon$3.liftedTree1$1(BasicBackend.scala:276)
	at slick.basic.BasicBackend$DatabaseDef$$anon$3.run(BasicBackend.scala:276)
	at java.base/java.util.concurrent.ThreadPoolExecutor.runWorker(ThreadPoolExecutor.java:1128)
	at java.base/java.util.concurrent.ThreadPoolExecutor$Worker.run(ThreadPoolExecutor.java:628)
	at java.base/java.lang.Thread.run(Thread.java:834)
</error>
                                               </testcase>
                     <system-out><![CDATA[]]></system-out>
                     <system-err><![CDATA[]]></system-err>
                   </testsuite>